2019-01-30 09:11:44 REST GET Started: https://10.59.13.71:12443/com.oiforum.json/ndm/network/1/endpoint
2019-01-30 09:11:44 REST GET OK: https://10.59.13.71:12443/com.oiforum.json/ndm/network/1/endpoint
{
    "id": [
        "/com.oiforum.json/ndm/network/1/endpoint/1039199176578130",
        "/com.oiforum.json/ndm/network/1/endpoint/1039199176578131",
        "/com.oiforum.json/ndm/network/1/endpoint/1039199176578132",
        "/com.oiforum.json/ndm/network/1/endpoint/1039199176578133",
        "/com.oiforum.json/ndm/network/1/endpoint/1039199176578134",
        "/com.oiforum.json/ndm/network/1/endpoint/1039199176578135",
        "/com.oiforum.json/ndm/network/1/endpoint/1039199176578136",
        "/com.oiforum.json/ndm/network/1/endpoint/1039199176578137",
        "/com.oiforum.json/ndm/network/1/endpoint/1039199176578138",
        "/com.oiforum.json/ndm/network/1/endpoint/1039199176578139"
    ]
}
2019-01-30 09:11:44 REST GET Started: https://10.59.13.71:12443/com.oiforum.json/ndm/network/1/topology/1/vertex
2019-01-30 09:11:45 REST GET OK: https://10.59.13.71:12443/com.oiforum.json/ndm/network/1/topology/1/vertex
{
    "id": [
        "/com.oiforum.json/ndm/network/1/topology/1/vertex/17",
        "/com.oiforum.json/ndm/network/1/topology/1/vertex/3",
        "/com.oiforum.json/ndm/network/1/topology/1/vertex/19",
        "/com.oiforum.json/ndm/network/1/topology/1/vertex/5",
        "/com.oiforum.json/ndm/network/1/topology/1/vertex/21",
        "/com.oiforum.json/ndm/network/1/topology/1/vertex/23",
        "/com.oiforum.json/ndm/network/1/topology/1/vertex/9",
        "/com.oiforum.json/ndm/network/1/topology/1/vertex/41",
        "/com.oiforum.json/ndm/network/1/topology/1/vertex/15"
    ]
}
2019-01-30 09:12:40 REST GET Started: https://10.59.13.71:12443/com.oiforum.json/ndm/network/1/endpoint
2019-01-30 09:12:41 REST GET OK: https://10.59.13.71:12443/com.oiforum.json/ndm/network/1/endpoint
{
    "id": [
        "/com.oiforum.json/ndm/network/1/endpoint/1039199176578130",
        "/com.oiforum.json/ndm/network/1/endpoint/1039199176578131",
        "/com.oiforum.json/ndm/network/1/endpoint/1039199176578132",
        "/com.oiforum.json/ndm/network/1/endpoint/1039199176578133",
        "/com.oiforum.json/ndm/network/1/endpoint/1039199176578134",
        "/com.oiforum.json/ndm/network/1/endpoint/1039199176578135",
        "/com.oiforum.json/ndm/network/1/endpoint/1039199176578136",
        "/com.oiforum.json/ndm/network/1/endpoint/1039199176578137",
        "/com.oiforum.json/ndm/network/1/endpoint/1039199176578138",
        "/com.oiforum.json/ndm/network/1/endpoint/1039199176578139"
    ]
}
2019-01-30 09:12:41 REST GET Started: https://10.59.13.71:12443/com.oiforum.json/ndm/network/1/topology/1/vertex/3
2019-01-30 09:12:41 REST GET OK: https://10.59.13.71:12443/com.oiforum.json/ndm/network/1/topology/1/vertex/3
{
    "coriant.VertexIdentifiers": {
        "coriant.coordLatitude": "-34.97950522021649",
        "coriant.coordLongitude": "145.28287687148247",
        "coriant.nodeType": "ONN"
    },
    "coriant.emsName": "OTRDM-1BRAVO-0001",
    "coriant.srgDetail": [],
    "id": "/com.oiforum.json/ndm/network/1/topology/1/vertex/3",
    "name": "OTRDM-1BRAVO-0001"
}
2019-01-30 09:13:03 REST GET Started: https://10.59.13.71:12443/com.oiforum.json/ndm/network/1/endpoint
2019-01-30 09:13:03 REST GET OK: https://10.59.13.71:12443/com.oiforum.json/ndm/network/1/endpoint
{
    "id": [
        "/com.oiforum.json/ndm/network/1/endpoint/1039199176578130",
        "/com.oiforum.json/ndm/network/1/endpoint/1039199176578131",
        "/com.oiforum.json/ndm/network/1/endpoint/1039199176578132",
        "/com.oiforum.json/ndm/network/1/endpoint/1039199176578133",
        "/com.oiforum.json/ndm/network/1/endpoint/1039199176578134",
        "/com.oiforum.json/ndm/network/1/endpoint/1039199176578135",
        "/com.oiforum.json/ndm/network/1/endpoint/1039199176578136",
        "/com.oiforum.json/ndm/network/1/endpoint/1039199176578137",
        "/com.oiforum.json/ndm/network/1/endpoint/1039199176578138",
        "/com.oiforum.json/ndm/network/1/endpoint/1039199176578139"
    ]
}
2019-01-30 09:13:03 REST GET Started: https://10.59.13.71:12443/com.oiforum.json/ndm/network/1/topology/1/vertex/3/coriant.emsName
2019-01-30 09:13:04 REST GET Failed: https://10.59.13.71:12443/com.oiforum.json/ndm/network/1/topology/1/vertex/3/coriant.emsName
2019-01-30 09:13:19 REST GET Started: https://10.59.13.71:12443/com.oiforum.json/ndm/network/1/endpoint
2019-01-30 09:13:20 REST GET OK: https://10.59.13.71:12443/com.oiforum.json/ndm/network/1/endpoint
{
    "id": [
        "/com.oiforum.json/ndm/network/1/endpoint/1039199176578130",
        "/com.oiforum.json/ndm/network/1/endpoint/1039199176578131",
        "/com.oiforum.json/ndm/network/1/endpoint/1039199176578132",
        "/com.oiforum.json/ndm/network/1/endpoint/1039199176578133",
        "/com.oiforum.json/ndm/network/1/endpoint/1039199176578134",
        "/com.oiforum.json/ndm/network/1/endpoint/1039199176578135",
        "/com.oiforum.json/ndm/network/1/endpoint/1039199176578136",
        "/com.oiforum.json/ndm/network/1/endpoint/1039199176578137",
        "/com.oiforum.json/ndm/network/1/endpoint/1039199176578138",
        "/com.oiforum.json/ndm/network/1/endpoint/1039199176578139"
    ]
}
2019-01-30 09:13:20 REST GET Started: https://10.59.13.71:12443/com.oiforum.json/ndm/network/1/topology/1/vertex/3
2019-01-30 09:13:20 REST GET OK: https://10.59.13.71:12443/com.oiforum.json/ndm/network/1/topology/1/vertex/3
{
    "coriant.VertexIdentifiers": {
        "coriant.coordLatitude": "-34.97950522021649",
        "coriant.coordLongitude": "145.28287687148247",
        "coriant.nodeType": "ONN"
    },
    "coriant.emsName": "OTRDM-1BRAVO-0001",
    "coriant.srgDetail": [],
    "id": "/com.oiforum.json/ndm/network/1/topology/1/vertex/3",
    "name": "OTRDM-1BRAVO-0001"
}
2019-01-30 09:41:58 REST GET Started: https://10.59.13.71:12443/com.oiforum.json/ndm/network/1/endpoint
2019-01-30 09:41:59 REST GET OK: https://10.59.13.71:12443/com.oiforum.json/ndm/network/1/endpoint
{
    "id": [
        "/com.oiforum.json/ndm/network/1/endpoint/1039199176578130",
        "/com.oiforum.json/ndm/network/1/endpoint/1039199176578131",
        "/com.oiforum.json/ndm/network/1/endpoint/1039199176578132",
        "/com.oiforum.json/ndm/network/1/endpoint/1039199176578133",
        "/com.oiforum.json/ndm/network/1/endpoint/1039199176578134",
        "/com.oiforum.json/ndm/network/1/endpoint/1039199176578135",
        "/com.oiforum.json/ndm/network/1/endpoint/1039199176578136",
        "/com.oiforum.json/ndm/network/1/endpoint/1039199176578137",
        "/com.oiforum.json/ndm/network/1/endpoint/1039199176578138",
        "/com.oiforum.json/ndm/network/1/endpoint/1039199176578139"
    ]
}
2019-01-30 09:41:59 REST GET Started: https://10.59.13.71:12443/com.oiforum.json/ndm/network/1/topology/1/vertex/3
2019-01-30 09:41:59 REST GET OK: https://10.59.13.71:12443/com.oiforum.json/ndm/network/1/topology/1/vertex/3
{
    "coriant.VertexIdentifiers": {
        "coriant.coordLatitude": "-34.97950522021649",
        "coriant.coordLongitude": "145.28287687148247",
        "coriant.nodeType": "ONN"
    },
    "coriant.emsName": "OTRDM-1BRAVO-0001",
    "coriant.srgDetail": [],
    "id": "/com.oiforum.json/ndm/network/1/topology/1/vertex/3",
    "name": "OTRDM-1BRAVO-0001"
}
2019-01-30 09:44:35 REST GET Started: https://10.59.13.71:12443/com.oiforum.json/ndm/network/1/endpoint
2019-01-30 09:44:36 REST GET OK: https://10.59.13.71:12443/com.oiforum.json/ndm/network/1/endpoint
{
    "id": [
        "/com.oiforum.json/ndm/network/1/endpoint/1039199176578130",
        "/com.oiforum.json/ndm/network/1/endpoint/1039199176578131",
        "/com.oiforum.json/ndm/network/1/endpoint/1039199176578132",
        "/com.oiforum.json/ndm/network/1/endpoint/1039199176578133",
        "/com.oiforum.json/ndm/network/1/endpoint/1039199176578134",
        "/com.oiforum.json/ndm/network/1/endpoint/1039199176578135",
        "/com.oiforum.json/ndm/network/1/endpoint/1039199176578136",
        "/com.oiforum.json/ndm/network/1/endpoint/1039199176578137",
        "/com.oiforum.json/ndm/network/1/endpoint/1039199176578138",
        "/com.oiforum.json/ndm/network/1/endpoint/1039199176578139"
    ]
}
2019-01-30 09:44:36 REST GET Started: https://10.59.13.71:12443/com.oiforum.json/ndm/network/1/topology/1/vertex/3
2019-01-30 09:44:36 REST GET OK: https://10.59.13.71:12443/com.oiforum.json/ndm/network/1/topology/1/vertex/3
{
    "coriant.VertexIdentifiers": {
        "coriant.coordLatitude": "-34.97950522021649",
        "coriant.coordLongitude": "145.28287687148247",
        "coriant.nodeType": "ONN"
    },
    "coriant.emsName": "OTRDM-1BRAVO-0001",
    "coriant.srgDetail": [],
    "id": "/com.oiforum.json/ndm/network/1/topology/1/vertex/3",
    "name": "OTRDM-1BRAVO-0001"
}
2019-01-30 10:07:43 REST GET Started: https://10.59.13.71:12443/com.oiforum.json/ndm/network/1/endpoint
2019-01-30 10:07:43 REST GET OK: https://10.59.13.71:12443/com.oiforum.json/ndm/network/1/endpoint
{
    "id": [
        "/com.oiforum.json/ndm/network/1/endpoint/1039199176578130",
        "/com.oiforum.json/ndm/network/1/endpoint/1039199176578131",
        "/com.oiforum.json/ndm/network/1/endpoint/1039199176578132",
        "/com.oiforum.json/ndm/network/1/endpoint/1039199176578133",
        "/com.oiforum.json/ndm/network/1/endpoint/1039199176578134",
        "/com.oiforum.json/ndm/network/1/endpoint/1039199176578135",
        "/com.oiforum.json/ndm/network/1/endpoint/1039199176578136",
        "/com.oiforum.json/ndm/network/1/endpoint/1039199176578137",
        "/com.oiforum.json/ndm/network/1/endpoint/1039199176578138",
        "/com.oiforum.json/ndm/network/1/endpoint/1039199176578139"
    ]
}
2019-01-30 10:07:43 REST GET Started: https://10.59.13.71:12443/com.oiforum.json/ndm/network/1/topology/1/vertex/3
2019-01-30 10:07:44 REST GET OK: https://10.59.13.71:12443/com.oiforum.json/ndm/network/1/topology/1/vertex/3
{
    "coriant.VertexIdentifiers": {
        "coriant.coordLatitude": "-34.97950522021649",
        "coriant.coordLongitude": "145.28287687148247",
        "coriant.nodeType": "ONN"
    },
    "coriant.emsName": "OTRDM-1BRAVO-0001",
    "coriant.srgDetail": [],
    "id": "/com.oiforum.json/ndm/network/1/topology/1/vertex/3",
    "name": "OTRDM-1BRAVO-0001"
}
2019-01-30 10:07:53 REST GET Started: https://10.59.13.71:12443/com.oiforum.json/ndm/network/1/endpoint
2019-01-30 10:07:54 REST GET OK: https://10.59.13.71:12443/com.oiforum.json/ndm/network/1/endpoint
{
    "id": [
        "/com.oiforum.json/ndm/network/1/endpoint/1039199176578130",
        "/com.oiforum.json/ndm/network/1/endpoint/1039199176578131",
        "/com.oiforum.json/ndm/network/1/endpoint/1039199176578132",
        "/com.oiforum.json/ndm/network/1/endpoint/1039199176578133",
        "/com.oiforum.json/ndm/network/1/endpoint/1039199176578134",
        "/com.oiforum.json/ndm/network/1/endpoint/1039199176578135",
        "/com.oiforum.json/ndm/network/1/endpoint/1039199176578136",
        "/com.oiforum.json/ndm/network/1/endpoint/1039199176578137",
        "/com.oiforum.json/ndm/network/1/endpoint/1039199176578138",
        "/com.oiforum.json/ndm/network/1/endpoint/1039199176578139"
    ]
}
2019-01-30 10:07:54 REST GET Started: https://10.59.13.71:12443/com.oiforum.json/ndm/network/1/topology/1/vertex/3
2019-01-30 10:07:54 REST GET OK: https://10.59.13.71:12443/com.oiforum.json/ndm/network/1/topology/1/vertex/3
{
    "coriant.VertexIdentifiers": {
        "coriant.coordLatitude": "-34.97950522021649",
        "coriant.coordLongitude": "145.28287687148247",
        "coriant.nodeType": "ONN"
    },
    "coriant.emsName": "OTRDM-1BRAVO-0001",
    "coriant.srgDetail": [],
    "id": "/com.oiforum.json/ndm/network/1/topology/1/vertex/3",
    "name": "OTRDM-1BRAVO-0001"
}
2019-01-30 10:10:07 REST GET Started: https://10.59.13.71:12443/com.oiforum.json/ndm/network/1/endpoint
2019-01-30 10:10:07 REST GET OK: https://10.59.13.71:12443/com.oiforum.json/ndm/network/1/endpoint
{
    "id": [
        "/com.oiforum.json/ndm/network/1/endpoint/1039199176578130",
        "/com.oiforum.json/ndm/network/1/endpoint/1039199176578131",
        "/com.oiforum.json/ndm/network/1/endpoint/1039199176578132",
        "/com.oiforum.json/ndm/network/1/endpoint/1039199176578133",
        "/com.oiforum.json/ndm/network/1/endpoint/1039199176578134",
        "/com.oiforum.json/ndm/network/1/endpoint/1039199176578135",
        "/com.oiforum.json/ndm/network/1/endpoint/1039199176578136",
        "/com.oiforum.json/ndm/network/1/endpoint/1039199176578137",
        "/com.oiforum.json/ndm/network/1/endpoint/1039199176578138",
        "/com.oiforum.json/ndm/network/1/endpoint/1039199176578139"
    ]
}
2019-01-30 10:10:07 REST GET Started: https://10.59.13.71:12443/com.oiforum.json/ndm/network/1/topology/1/vertex/3
2019-01-30 10:10:08 REST GET OK: https://10.59.13.71:12443/com.oiforum.json/ndm/network/1/topology/1/vertex/3
{
    "coriant.VertexIdentifiers": {
        "coriant.coordLatitude": "-34.97950522021649",
        "coriant.coordLongitude": "145.28287687148247",
        "coriant.nodeType": "ONN"
    },
    "coriant.emsName": "OTRDM-1BRAVO-0001",
    "coriant.srgDetail": [],
    "id": "/com.oiforum.json/ndm/network/1/topology/1/vertex/3",
    "name": "OTRDM-1BRAVO-0001"
}
2019-01-30 10:11:08 REST GET Started: https://10.59.13.71:12443/com.oiforum.json/ndm/network/1/endpoint
2019-01-30 10:11:08 REST GET OK: https://10.59.13.71:12443/com.oiforum.json/ndm/network/1/endpoint
{
    "id": [
        "/com.oiforum.json/ndm/network/1/endpoint/1039199176578130",
        "/com.oiforum.json/ndm/network/1/endpoint/1039199176578131",
        "/com.oiforum.json/ndm/network/1/endpoint/1039199176578132",
        "/com.oiforum.json/ndm/network/1/endpoint/1039199176578133",
        "/com.oiforum.json/ndm/network/1/endpoint/1039199176578134",
        "/com.oiforum.json/ndm/network/1/endpoint/1039199176578135",
        "/com.oiforum.json/ndm/network/1/endpoint/1039199176578136",
        "/com.oiforum.json/ndm/network/1/endpoint/1039199176578137",
        "/com.oiforum.json/ndm/network/1/endpoint/1039199176578138",
        "/com.oiforum.json/ndm/network/1/endpoint/1039199176578139"
    ]
}
2019-01-30 10:11:08 REST GET Started: https://10.59.13.71:12443/com.oiforum.json/ndm/network/1/topology/1/vertex/3
2019-01-30 10:11:09 REST GET OK: https://10.59.13.71:12443/com.oiforum.json/ndm/network/1/topology/1/vertex/3
{
    "coriant.VertexIdentifiers": {
        "coriant.coordLatitude": "-34.97950522021649",
        "coriant.coordLongitude": "145.28287687148247",
        "coriant.nodeType": "ONN"
    },
    "coriant.emsName": "OTRDM-1BRAVO-0001",
    "coriant.srgDetail": [],
    "id": "/com.oiforum.json/ndm/network/1/topology/1/vertex/3",
    "name": "OTRDM-1BRAVO-0001"
}
2019-01-30 10:11:42 REST GET Started: https://10.59.13.71:12443/com.oiforum.json/ndm/network/1/endpoint
2019-01-30 10:11:43 REST GET OK: https://10.59.13.71:12443/com.oiforum.json/ndm/network/1/endpoint
{
    "id": [
        "/com.oiforum.json/ndm/network/1/endpoint/1039199176578130",
        "/com.oiforum.json/ndm/network/1/endpoint/1039199176578131",
        "/com.oiforum.json/ndm/network/1/endpoint/1039199176578132",
        "/com.oiforum.json/ndm/network/1/endpoint/1039199176578133",
        "/com.oiforum.json/ndm/network/1/endpoint/1039199176578134",
        "/com.oiforum.json/ndm/network/1/endpoint/1039199176578135",
        "/com.oiforum.json/ndm/network/1/endpoint/1039199176578136",
        "/com.oiforum.json/ndm/network/1/endpoint/1039199176578137",
        "/com.oiforum.json/ndm/network/1/endpoint/1039199176578138",
        "/com.oiforum.json/ndm/network/1/endpoint/1039199176578139"
    ]
}
2019-01-30 10:11:43 REST GET Started: https://10.59.13.71:12443/com.oiforum.json/ndm/network/1/topology/1/vertex/3/x
2019-01-30 10:11:43 REST GET Failed: https://10.59.13.71:12443/com.oiforum.json/ndm/network/1/topology/1/vertex/3/x
2019-01-30 10:11:50 REST GET Started: https://10.59.13.71:12443/com.oiforum.json/ndm/network/1/endpoint
2019-01-30 10:11:50 REST GET OK: https://10.59.13.71:12443/com.oiforum.json/ndm/network/1/endpoint
{
    "id": [
        "/com.oiforum.json/ndm/network/1/endpoint/1039199176578130",
        "/com.oiforum.json/ndm/network/1/endpoint/1039199176578131",
        "/com.oiforum.json/ndm/network/1/endpoint/1039199176578132",
        "/com.oiforum.json/ndm/network/1/endpoint/1039199176578133",
        "/com.oiforum.json/ndm/network/1/endpoint/1039199176578134",
        "/com.oiforum.json/ndm/network/1/endpoint/1039199176578135",
        "/com.oiforum.json/ndm/network/1/endpoint/1039199176578136",
        "/com.oiforum.json/ndm/network/1/endpoint/1039199176578137",
        "/com.oiforum.json/ndm/network/1/endpoint/1039199176578138",
        "/com.oiforum.json/ndm/network/1/endpoint/1039199176578139"
    ]
}
2019-01-30 10:11:50 REST GET Started: https://10.59.13.71:12443/com.oiforum.json/ndm/network/1/topology/1/vertex/3/x
2019-01-30 10:11:50 REST GET Failed: https://10.59.13.71:12443/com.oiforum.json/ndm/network/1/topology/1/vertex/3/x
